Apr 10, 2018 11:15:44 AM java.util.logging.LogManager$RootLogger log
INFO: Start of solver :getSolution() : Tue Apr 10 11:15:44 BST 2018


Apr 10, 2018 11:15:44 AM java.util.logging.LogManager$RootLogger log
INFO: 
timeout(solve_mapping_problem([ 
reserved([p,DIGITAL_IO0sv0,pad,_],'digital_io$01310748862$0'),
reserved([devicepackage,0,_],'digital_io$1882167628$0'),
reserved([p,DIGITAL_IO1sv0,pad,_],'digital_io$01821283039$1'),
reserved([devicepackage,0,_],'digital_io$0155888661$1'),
uri([devicepackage,0,17],'digital_io$0155888661$1'),
reserved([p,DIGITAL_IO2sv0,pad,_],'digital_io$1963150080$2'),
reserved([devicepackage,0,_],'digital_io$2101022346$2'),
uri([devicepackage,0,16],'digital_io$2101022346$2'),
reserved([ccu4,GLOBAL_CCU40sv0,global],'global_ccu4$595667498$0'),
reserved([scu,_,gcu,ccu4_global_enable,GLOBAL_CCU40sv0],'global_ccu4$507149432$0'),
reserved([scu,0,dco,_],'clock_xmc1$347764531$0'),
reserved([scu,0,ccu,config],'clock_xmc1$02010375550$0'),
reserved([ccu4,_,cc4,_],'pwm_ccu4$1159034017$0'),
reserved([p,_,pad,_],'pwm_ccu4$0758890098$0'),
reserved([devicepackage,0,_],'pwm_ccu4$0962983336$0'),
uri([devicepackage,0,18],'pwm_ccu4$0962983336$0'),
reserved([p,DIGITAL_IO3sv0,pad,_],'digital_io$1452615903$3'),
reserved([devicepackage,0,_],'digital_io$62966057$3'),
uri([devicepackage,0,15],'digital_io$62966057$3'),
reserved([p,0,pad,14],'cpu_ctrl_xmc1$355878294$0'),
reserved([p,0,pad,15],'cpu_ctrl_xmc1$355878295$0'),
reserved([cpu,0,exception,hardfault],'cpu_ctrl_xmc1$846901778$0'),
reserved([cpu,0,nvic,interrupt,_],'pin_interrupt$0287826079$0'),
reserved([p,_,pad,_],'pin_interrupt$0959363047$0'),
reserved([eru,_,ers_etl,_],'pin_interrupt$01945562901$0'),
reserved([eru,_,ogu,_],'pin_interrupt$01531147580$0'),
reserved([devicepackage,0,_],'pin_interrupt$877860067$0'),
uri([devicepackage,0,1],'pin_interrupt$877860067$0'),
reserved([ccu4,_,cc4,_],'timer$1353810742$0'),
reserved([cpu,0,nvic,interrupt,_],'interrupt$01547455786$0'),
reserved([ccu4,_,cc4,_],'timer$843276565$1'),
reserved([ccu4,_,cc4,_],'timer$332742388$2'),
reserved([cpu,0,nvic,interrupt,_],'interrupt$02057989963$1'),
reserved([cpu,0,nvic,interrupt,_],'interrupt$1726443156$2'),
signal('digital_io$01310748862$0',swreg_out,'digital_io$01310748862$0$swreg_out'),
signal('digital_io$01310748862$0',pad,'digital_io$01310748862$0$pad'),
signal('digital_io$1882167628$0',pin,'digital_io$1882167628$0$pin'),
signal('digital_io$01821283039$1',swreg_out,'digital_io$01821283039$1$swreg_out'),
signal('digital_io$01821283039$1',pad,'digital_io$01821283039$1$pad'),
signal('digital_io$0155888661$1',pin,'digital_io$0155888661$1$pin'),
signal('digital_io$1963150080$2',swreg_out,'digital_io$1963150080$2$swreg_out'),
signal('digital_io$1963150080$2',pad,'digital_io$1963150080$2$pad'),
signal('digital_io$2101022346$2',pin,'digital_io$2101022346$2$pin'),
signal('global_ccu4$595667498$0',global_signal,'global_ccu4$595667498$0$global_signal'),
signal('global_ccu4$595667498$0',clk,'global_ccu4$595667498$0$clk'),
signal('global_ccu4$507149432$0',gsc_enable,'global_ccu4$507149432$0$gsc_enable'),
signal('clock_xmc1$347764531$0',clkout,'clock_xmc1$347764531$0$clkout'),
signal('clock_xmc1$02010375550$0',frtc,'clock_xmc1$02010375550$0$frtc'),
signal('pwm_ccu4$1159034017$0',global_signal,'pwm_ccu4$1159034017$0$global_signal'),
signal('pwm_ccu4$1159034017$0',st,'pwm_ccu4$1159034017$0$st'),
signal('pwm_ccu4$1159034017$0',out,'pwm_ccu4$1159034017$0$out'),
signal('pwm_ccu4$1159034017$0',gp0_unsync,'pwm_ccu4$1159034017$0$gp0_unsync'),
signal('pwm_ccu4$1159034017$0',gp1_unsync,'pwm_ccu4$1159034017$0$gp1_unsync'),
signal('pwm_ccu4$1159034017$0',gp2_unsync,'pwm_ccu4$1159034017$0$gp2_unsync'),
signal('pwm_ccu4$1159034017$0',gp0,'pwm_ccu4$1159034017$0$gp0'),
signal('pwm_ccu4$1159034017$0',gp1,'pwm_ccu4$1159034017$0$gp1'),
signal('pwm_ccu4$1159034017$0',gp2,'pwm_ccu4$1159034017$0$gp2'),
signal('pwm_ccu4$1159034017$0',ps,'pwm_ccu4$1159034017$0$ps'),
signal('pwm_ccu4$1159034017$0',mci,'pwm_ccu4$1159034017$0$mci'),
signal('pwm_ccu4$1159034017$0',mcss,'pwm_ccu4$1159034017$0$mcss'),
signal('pwm_ccu4$0758890098$0',pad,'pwm_ccu4$0758890098$0$pad'),
signal('pwm_ccu4$0962983336$0',pin,'pwm_ccu4$0962983336$0$pin'),
signal('digital_io$1452615903$3',swreg_out,'digital_io$1452615903$3$swreg_out'),
signal('digital_io$1452615903$3',pad,'digital_io$1452615903$3$pad'),
signal('digital_io$62966057$3',pin,'digital_io$62966057$3$pin'),
signal('pin_interrupt$01945562901$0',PIN_INTERRUPT0sv0,'pin_interrupt$01945562901$0$PIN_INTERRUPT0sv0'),
signal('pin_interrupt$0959363047$0',pad,'pin_interrupt$0959363047$0$pad'),
signal('pin_interrupt$01945562901$0',tr,'pin_interrupt$01945562901$0$tr'),
signal('pin_interrupt$01531147580$0',trin,'pin_interrupt$01531147580$0$trin'),
signal('pin_interrupt$01531147580$0',iout,'pin_interrupt$01531147580$0$iout'),
signal('pin_interrupt$0287826079$0',signal_in,'pin_interrupt$0287826079$0$signal_in'),
signal('pin_interrupt$877860067$0',pin,'pin_interrupt$877860067$0$pin'),
signal('timer$1353810742$0',pmus_omds,'timer$1353810742$0$pmus_omds'),
signal('timer$1353810742$0',global_signal,'timer$1353810742$0$global_signal'),
signal('interrupt$01547455786$0',signal_in,'interrupt$01547455786$0$signal_in'),
signal('timer$843276565$1',pmus_omds,'timer$843276565$1$pmus_omds'),
signal('timer$843276565$1',global_signal,'timer$843276565$1$global_signal'),
signal('timer$332742388$2',pmus_omds,'timer$332742388$2$pmus_omds'),
signal('timer$332742388$2',global_signal,'timer$332742388$2$global_signal'),
signal('interrupt$02057989963$1',signal_in,'interrupt$02057989963$1$signal_in'),
signal('interrupt$1726443156$2',signal_in,'interrupt$1726443156$2$signal_in'),
connected('digital_io$1882167628$0$pin','digital_io$01310748862$0$pad',1),
connected('digital_io$01310748862$0$pad','digital_io$1882167628$0$pin',1),
connected('digital_io$0155888661$1$pin','digital_io$01821283039$1$pad',1),
connected('digital_io$01821283039$1$pad','digital_io$0155888661$1$pin',1),
connected('digital_io$2101022346$2$pin','digital_io$1963150080$2$pad',1),
connected('digital_io$1963150080$2$pad','digital_io$2101022346$2$pin',1),
connected('clock_xmc1$347764531$0$clkout','clock_xmc1$02010375550$0$frtc',1),
connected('global_ccu4$595667498$0$global_signal','pwm_ccu4$1159034017$0$global_signal',1),
connected('pwm_ccu4$0962983336$0$pin','pwm_ccu4$0758890098$0$pad',1),
connected('pwm_ccu4$1159034017$0$out','pwm_ccu4$0758890098$0$pad',1),
connected('pwm_ccu4$0758890098$0$pad','pwm_ccu4$0962983336$0$pin',1),
connected('digital_io$62966057$3$pin','digital_io$1452615903$3$pad',1),
connected('digital_io$1452615903$3$pad','digital_io$62966057$3$pin',1),
connected('pin_interrupt$877860067$0$pin','pin_interrupt$0959363047$0$pad',1),
connected('pin_interrupt$01945562901$0$tr','pin_interrupt$01531147580$0$trin',1),
connected('pin_interrupt$0959363047$0$pad','pin_interrupt$877860067$0$pin',1),
connected('pin_interrupt$0959363047$0$pad','pin_interrupt$01945562901$0$PIN_INTERRUPT0sv0',1),
connected('pin_interrupt$01531147580$0$iout','pin_interrupt$0287826079$0$signal_in',1),
connected('timer$1353810742$0$pmus_omds','interrupt$01547455786$0$signal_in',1),
connected('global_ccu4$595667498$0$global_signal','timer$1353810742$0$global_signal',1),
connected('timer$843276565$1$pmus_omds','interrupt$02057989963$1$signal_in',1),
connected('global_ccu4$595667498$0$global_signal','timer$843276565$1$global_signal',1),
connected('timer$332742388$2$pmus_omds','interrupt$1726443156$2$signal_in',1),
connected('global_ccu4$595667498$0$global_signal','timer$332742388$2$global_signal',1),
uri_element_range(PIN_INTERRUPT0sv0,[a, b]),
uri_element_range(DIGITAL_IO1sv0,[0, 1, 2, 3, 4]),
register_value('digital_io$01821283039$1',iocr_oe,1),
uri_element_range(DIGITAL_IO0sv0,[0, 1, 2, 3, 4]),
register_value('digital_io$01310748862$0',iocr_oe,1),
uri_element_range(DIGITAL_IO3sv0,[0, 1, 2, 3, 4]),
register_value('digital_io$1452615903$3',iocr_oe,1),
uri_element_range(DIGITAL_IO2sv0,[0, 1, 2, 3, 4]),
register_value('digital_io$1963150080$2',iocr_oe,1)
 ],Vars,Regs,Appslocalvars),15,writeln(timeout),all_solution, Timer, Due, Remainder).



Apr 10, 2018 11:15:44 AM java.util.logging.LogManager$RootLogger log
INFO: 
End of solver : getSolution() :  Difference in ms 47


Apr 10, 2018 11:15:46 AM java.util.logging.LogManager$RootLogger log
INFO: Start of solver :getFeasiblePins() : Tue Apr 10 11:15:46 BST 2018


Apr 10, 2018 11:15:46 AM java.util.logging.LogManager$RootLogger log
INFO: 
timeout(ask_feasible_mapping([reserved([p,DIGITAL_IO0sv0,pad,_],'digital_io$01310748862$0'),
reserved([devicepackage,0,_],'digital_io$1882167628$0'),
reserved([p,DIGITAL_IO1sv0,pad,_],'digital_io$01821283039$1'),
reserved([devicepackage,0,_],'digital_io$0155888661$1'),
uri([devicepackage,0,17],'digital_io$0155888661$1'),
reserved([p,DIGITAL_IO2sv0,pad,_],'digital_io$1963150080$2'),
reserved([devicepackage,0,_],'digital_io$2101022346$2'),
uri([devicepackage,0,16],'digital_io$2101022346$2'),
reserved([ccu4,GLOBAL_CCU40sv0,global],'global_ccu4$595667498$0'),
reserved([scu,_,gcu,ccu4_global_enable,GLOBAL_CCU40sv0],'global_ccu4$507149432$0'),
reserved([scu,0,dco,_],'clock_xmc1$347764531$0'),
reserved([scu,0,ccu,config],'clock_xmc1$02010375550$0'),
reserved([ccu4,_,cc4,_],'pwm_ccu4$1159034017$0'),
reserved([p,_,pad,_],'pwm_ccu4$0758890098$0'),
reserved([devicepackage,0,_],'pwm_ccu4$0962983336$0'),
uri([devicepackage,0,18],'pwm_ccu4$0962983336$0'),
reserved([p,DIGITAL_IO3sv0,pad,_],'digital_io$1452615903$3'),
reserved([devicepackage,0,_],'digital_io$62966057$3'),
uri([devicepackage,0,15],'digital_io$62966057$3'),
reserved([p,0,pad,14],'cpu_ctrl_xmc1$355878294$0'),
reserved([p,0,pad,15],'cpu_ctrl_xmc1$355878295$0'),
reserved([cpu,0,exception,hardfault],'cpu_ctrl_xmc1$846901778$0'),
reserved([cpu,0,nvic,interrupt,_],'pin_interrupt$0287826079$0'),
reserved([p,_,pad,_],'pin_interrupt$0959363047$0'),
reserved([eru,_,ers_etl,_],'pin_interrupt$01945562901$0'),
reserved([eru,_,ogu,_],'pin_interrupt$01531147580$0'),
reserved([devicepackage,0,_],'pin_interrupt$877860067$0'),
uri([devicepackage,0,1],'pin_interrupt$877860067$0'),
reserved([ccu4,_,cc4,_],'timer$1353810742$0'),
reserved([cpu,0,nvic,interrupt,_],'interrupt$01547455786$0'),
reserved([ccu4,_,cc4,_],'timer$843276565$1'),
reserved([ccu4,_,cc4,_],'timer$332742388$2'),
reserved([cpu,0,nvic,interrupt,_],'interrupt$02057989963$1'),
reserved([cpu,0,nvic,interrupt,_],'interrupt$1726443156$2'),
signal('digital_io$01310748862$0',swreg_out,'digital_io$01310748862$0$swreg_out'),
signal('digital_io$01310748862$0',pad,'digital_io$01310748862$0$pad'),
signal('digital_io$1882167628$0',pin,'digital_io$1882167628$0$pin'),
signal('digital_io$01821283039$1',swreg_out,'digital_io$01821283039$1$swreg_out'),
signal('digital_io$01821283039$1',pad,'digital_io$01821283039$1$pad'),
signal('digital_io$0155888661$1',pin,'digital_io$0155888661$1$pin'),
signal('digital_io$1963150080$2',swreg_out,'digital_io$1963150080$2$swreg_out'),
signal('digital_io$1963150080$2',pad,'digital_io$1963150080$2$pad'),
signal('digital_io$2101022346$2',pin,'digital_io$2101022346$2$pin'),
signal('global_ccu4$595667498$0',global_signal,'global_ccu4$595667498$0$global_signal'),
signal('global_ccu4$595667498$0',clk,'global_ccu4$595667498$0$clk'),
signal('global_ccu4$507149432$0',gsc_enable,'global_ccu4$507149432$0$gsc_enable'),
signal('clock_xmc1$347764531$0',clkout,'clock_xmc1$347764531$0$clkout'),
signal('clock_xmc1$02010375550$0',frtc,'clock_xmc1$02010375550$0$frtc'),
signal('pwm_ccu4$1159034017$0',global_signal,'pwm_ccu4$1159034017$0$global_signal'),
signal('pwm_ccu4$1159034017$0',st,'pwm_ccu4$1159034017$0$st'),
signal('pwm_ccu4$1159034017$0',out,'pwm_ccu4$1159034017$0$out'),
signal('pwm_ccu4$1159034017$0',gp0_unsync,'pwm_ccu4$1159034017$0$gp0_unsync'),
signal('pwm_ccu4$1159034017$0',gp1_unsync,'pwm_ccu4$1159034017$0$gp1_unsync'),
signal('pwm_ccu4$1159034017$0',gp2_unsync,'pwm_ccu4$1159034017$0$gp2_unsync'),
signal('pwm_ccu4$1159034017$0',gp0,'pwm_ccu4$1159034017$0$gp0'),
signal('pwm_ccu4$1159034017$0',gp1,'pwm_ccu4$1159034017$0$gp1'),
signal('pwm_ccu4$1159034017$0',gp2,'pwm_ccu4$1159034017$0$gp2'),
signal('pwm_ccu4$1159034017$0',ps,'pwm_ccu4$1159034017$0$ps'),
signal('pwm_ccu4$1159034017$0',mci,'pwm_ccu4$1159034017$0$mci'),
signal('pwm_ccu4$1159034017$0',mcss,'pwm_ccu4$1159034017$0$mcss'),
signal('pwm_ccu4$0758890098$0',pad,'pwm_ccu4$0758890098$0$pad'),
signal('pwm_ccu4$0962983336$0',pin,'pwm_ccu4$0962983336$0$pin'),
signal('digital_io$1452615903$3',swreg_out,'digital_io$1452615903$3$swreg_out'),
signal('digital_io$1452615903$3',pad,'digital_io$1452615903$3$pad'),
signal('digital_io$62966057$3',pin,'digital_io$62966057$3$pin'),
signal('pin_interrupt$01945562901$0',PIN_INTERRUPT0sv0,'pin_interrupt$01945562901$0$PIN_INTERRUPT0sv0'),
signal('pin_interrupt$0959363047$0',pad,'pin_interrupt$0959363047$0$pad'),
signal('pin_interrupt$01945562901$0',tr,'pin_interrupt$01945562901$0$tr'),
signal('pin_interrupt$01531147580$0',trin,'pin_interrupt$01531147580$0$trin'),
signal('pin_interrupt$01531147580$0',iout,'pin_interrupt$01531147580$0$iout'),
signal('pin_interrupt$0287826079$0',signal_in,'pin_interrupt$0287826079$0$signal_in'),
signal('pin_interrupt$877860067$0',pin,'pin_interrupt$877860067$0$pin'),
signal('timer$1353810742$0',pmus_omds,'timer$1353810742$0$pmus_omds'),
signal('timer$1353810742$0',global_signal,'timer$1353810742$0$global_signal'),
signal('interrupt$01547455786$0',signal_in,'interrupt$01547455786$0$signal_in'),
signal('timer$843276565$1',pmus_omds,'timer$843276565$1$pmus_omds'),
signal('timer$843276565$1',global_signal,'timer$843276565$1$global_signal'),
signal('timer$332742388$2',pmus_omds,'timer$332742388$2$pmus_omds'),
signal('timer$332742388$2',global_signal,'timer$332742388$2$global_signal'),
signal('interrupt$02057989963$1',signal_in,'interrupt$02057989963$1$signal_in'),
signal('interrupt$1726443156$2',signal_in,'interrupt$1726443156$2$signal_in'),
connected('digital_io$1882167628$0$pin','digital_io$01310748862$0$pad',1),
connected('digital_io$01310748862$0$pad','digital_io$1882167628$0$pin',1),
connected('digital_io$0155888661$1$pin','digital_io$01821283039$1$pad',1),
connected('digital_io$01821283039$1$pad','digital_io$0155888661$1$pin',1),
connected('digital_io$2101022346$2$pin','digital_io$1963150080$2$pad',1),
connected('digital_io$1963150080$2$pad','digital_io$2101022346$2$pin',1),
connected('clock_xmc1$347764531$0$clkout','clock_xmc1$02010375550$0$frtc',1),
connected('global_ccu4$595667498$0$global_signal','pwm_ccu4$1159034017$0$global_signal',1),
connected('pwm_ccu4$0962983336$0$pin','pwm_ccu4$0758890098$0$pad',1),
connected('pwm_ccu4$1159034017$0$out','pwm_ccu4$0758890098$0$pad',1),
connected('pwm_ccu4$0758890098$0$pad','pwm_ccu4$0962983336$0$pin',1),
connected('digital_io$62966057$3$pin','digital_io$1452615903$3$pad',1),
connected('digital_io$1452615903$3$pad','digital_io$62966057$3$pin',1),
connected('pin_interrupt$877860067$0$pin','pin_interrupt$0959363047$0$pad',1),
connected('pin_interrupt$01945562901$0$tr','pin_interrupt$01531147580$0$trin',1),
connected('pin_interrupt$0959363047$0$pad','pin_interrupt$877860067$0$pin',1),
connected('pin_interrupt$0959363047$0$pad','pin_interrupt$01945562901$0$PIN_INTERRUPT0sv0',1),
connected('pin_interrupt$01531147580$0$iout','pin_interrupt$0287826079$0$signal_in',1),
connected('timer$1353810742$0$pmus_omds','interrupt$01547455786$0$signal_in',1),
connected('global_ccu4$595667498$0$global_signal','timer$1353810742$0$global_signal',1),
connected('timer$843276565$1$pmus_omds','interrupt$02057989963$1$signal_in',1),
connected('global_ccu4$595667498$0$global_signal','timer$843276565$1$global_signal',1),
connected('timer$332742388$2$pmus_omds','interrupt$1726443156$2$signal_in',1),
connected('global_ccu4$595667498$0$global_signal','timer$332742388$2$global_signal',1),
uri_element_range(PIN_INTERRUPT0sv0,[a, b]),
uri_element_range(DIGITAL_IO1sv0,[0, 1, 2, 3, 4]),
register_value('digital_io$01821283039$1',iocr_oe,1),
uri_element_range(DIGITAL_IO0sv0,[0, 1, 2, 3, 4]),
register_value('digital_io$01310748862$0',iocr_oe,1),
uri_element_range(DIGITAL_IO3sv0,[0, 1, 2, 3, 4]),
register_value('digital_io$1452615903$3',iocr_oe,1),
uri_element_range(DIGITAL_IO2sv0,[0, 1, 2, 3, 4]),
register_value('digital_io$1963150080$2',iocr_oe,1)],'digital_io$1882167628$0',Result),15,writeln(timeout),all_solution, Timer, Due, Remainder).



Apr 10, 2018 11:15:46 AM java.util.logging.LogManager$RootLogger log
INFO: 
End of solver : getFeasiblePins() :  Difference in ms 32


Apr 10, 2018 11:15:46 AM java.util.logging.LogManager$RootLogger log
INFO: [/devicepackage/0/8, /devicepackage/0/19, /devicepackage/0/13, /devicepackage/0/14, /devicepackage/0/11, /devicepackage/0/12, /devicepackage/0/22, /devicepackage/0/20, /devicepackage/0/7, /devicepackage/0/21, /devicepackage/0/2]


Apr 10, 2018 11:15:48 AM java.util.logging.LogManager$RootLogger log
INFO: Start of solver :getSolution() : Tue Apr 10 11:15:48 BST 2018


Apr 10, 2018 11:15:48 AM java.util.logging.LogManager$RootLogger log
INFO: 
timeout(solve_mapping_problem([ 
reserved([p,DIGITAL_IO0sv0,pad,_],'digital_io$01310748862$0'),
reserved([devicepackage,0,_],'digital_io$1882167628$0'),
uri([devicepackage,0,19],'digital_io$1882167628$0'),
reserved([p,DIGITAL_IO1sv0,pad,_],'digital_io$01821283039$1'),
reserved([devicepackage,0,_],'digital_io$0155888661$1'),
uri([devicepackage,0,17],'digital_io$0155888661$1'),
reserved([p,DIGITAL_IO2sv0,pad,_],'digital_io$1963150080$2'),
reserved([devicepackage,0,_],'digital_io$2101022346$2'),
uri([devicepackage,0,16],'digital_io$2101022346$2'),
reserved([ccu4,GLOBAL_CCU40sv0,global],'global_ccu4$595667498$0'),
reserved([scu,_,gcu,ccu4_global_enable,GLOBAL_CCU40sv0],'global_ccu4$507149432$0'),
reserved([scu,0,dco,_],'clock_xmc1$347764531$0'),
reserved([scu,0,ccu,config],'clock_xmc1$02010375550$0'),
reserved([ccu4,_,cc4,_],'pwm_ccu4$1159034017$0'),
reserved([p,_,pad,_],'pwm_ccu4$0758890098$0'),
reserved([devicepackage,0,_],'pwm_ccu4$0962983336$0'),
uri([devicepackage,0,18],'pwm_ccu4$0962983336$0'),
reserved([p,DIGITAL_IO3sv0,pad,_],'digital_io$1452615903$3'),
reserved([devicepackage,0,_],'digital_io$62966057$3'),
uri([devicepackage,0,15],'digital_io$62966057$3'),
reserved([p,0,pad,14],'cpu_ctrl_xmc1$355878294$0'),
reserved([p,0,pad,15],'cpu_ctrl_xmc1$355878295$0'),
reserved([cpu,0,exception,hardfault],'cpu_ctrl_xmc1$846901778$0'),
reserved([cpu,0,nvic,interrupt,_],'pin_interrupt$0287826079$0'),
reserved([p,_,pad,_],'pin_interrupt$0959363047$0'),
reserved([eru,_,ers_etl,_],'pin_interrupt$01945562901$0'),
reserved([eru,_,ogu,_],'pin_interrupt$01531147580$0'),
reserved([devicepackage,0,_],'pin_interrupt$877860067$0'),
uri([devicepackage,0,1],'pin_interrupt$877860067$0'),
reserved([ccu4,_,cc4,_],'timer$1353810742$0'),
reserved([cpu,0,nvic,interrupt,_],'interrupt$01547455786$0'),
reserved([ccu4,_,cc4,_],'timer$843276565$1'),
reserved([ccu4,_,cc4,_],'timer$332742388$2'),
reserved([cpu,0,nvic,interrupt,_],'interrupt$02057989963$1'),
reserved([cpu,0,nvic,interrupt,_],'interrupt$1726443156$2'),
signal('digital_io$01310748862$0',swreg_out,'digital_io$01310748862$0$swreg_out'),
signal('digital_io$01310748862$0',pad,'digital_io$01310748862$0$pad'),
signal('digital_io$1882167628$0',pin,'digital_io$1882167628$0$pin'),
signal('digital_io$01821283039$1',swreg_out,'digital_io$01821283039$1$swreg_out'),
signal('digital_io$01821283039$1',pad,'digital_io$01821283039$1$pad'),
signal('digital_io$0155888661$1',pin,'digital_io$0155888661$1$pin'),
signal('digital_io$1963150080$2',swreg_out,'digital_io$1963150080$2$swreg_out'),
signal('digital_io$1963150080$2',pad,'digital_io$1963150080$2$pad'),
signal('digital_io$2101022346$2',pin,'digital_io$2101022346$2$pin'),
signal('global_ccu4$595667498$0',global_signal,'global_ccu4$595667498$0$global_signal'),
signal('global_ccu4$595667498$0',clk,'global_ccu4$595667498$0$clk'),
signal('global_ccu4$507149432$0',gsc_enable,'global_ccu4$507149432$0$gsc_enable'),
signal('clock_xmc1$347764531$0',clkout,'clock_xmc1$347764531$0$clkout'),
signal('clock_xmc1$02010375550$0',frtc,'clock_xmc1$02010375550$0$frtc'),
signal('pwm_ccu4$1159034017$0',global_signal,'pwm_ccu4$1159034017$0$global_signal'),
signal('pwm_ccu4$1159034017$0',st,'pwm_ccu4$1159034017$0$st'),
signal('pwm_ccu4$1159034017$0',out,'pwm_ccu4$1159034017$0$out'),
signal('pwm_ccu4$1159034017$0',gp0_unsync,'pwm_ccu4$1159034017$0$gp0_unsync'),
signal('pwm_ccu4$1159034017$0',gp1_unsync,'pwm_ccu4$1159034017$0$gp1_unsync'),
signal('pwm_ccu4$1159034017$0',gp2_unsync,'pwm_ccu4$1159034017$0$gp2_unsync'),
signal('pwm_ccu4$1159034017$0',gp0,'pwm_ccu4$1159034017$0$gp0'),
signal('pwm_ccu4$1159034017$0',gp1,'pwm_ccu4$1159034017$0$gp1'),
signal('pwm_ccu4$1159034017$0',gp2,'pwm_ccu4$1159034017$0$gp2'),
signal('pwm_ccu4$1159034017$0',ps,'pwm_ccu4$1159034017$0$ps'),
signal('pwm_ccu4$1159034017$0',mci,'pwm_ccu4$1159034017$0$mci'),
signal('pwm_ccu4$1159034017$0',mcss,'pwm_ccu4$1159034017$0$mcss'),
signal('pwm_ccu4$0758890098$0',pad,'pwm_ccu4$0758890098$0$pad'),
signal('pwm_ccu4$0962983336$0',pin,'pwm_ccu4$0962983336$0$pin'),
signal('digital_io$1452615903$3',swreg_out,'digital_io$1452615903$3$swreg_out'),
signal('digital_io$1452615903$3',pad,'digital_io$1452615903$3$pad'),
signal('digital_io$62966057$3',pin,'digital_io$62966057$3$pin'),
signal('pin_interrupt$01945562901$0',PIN_INTERRUPT0sv0,'pin_interrupt$01945562901$0$PIN_INTERRUPT0sv0'),
signal('pin_interrupt$0959363047$0',pad,'pin_interrupt$0959363047$0$pad'),
signal('pin_interrupt$01945562901$0',tr,'pin_interrupt$01945562901$0$tr'),
signal('pin_interrupt$01531147580$0',trin,'pin_interrupt$01531147580$0$trin'),
signal('pin_interrupt$01531147580$0',iout,'pin_interrupt$01531147580$0$iout'),
signal('pin_interrupt$0287826079$0',signal_in,'pin_interrupt$0287826079$0$signal_in'),
signal('pin_interrupt$877860067$0',pin,'pin_interrupt$877860067$0$pin'),
signal('timer$1353810742$0',pmus_omds,'timer$1353810742$0$pmus_omds'),
signal('timer$1353810742$0',global_signal,'timer$1353810742$0$global_signal'),
signal('interrupt$01547455786$0',signal_in,'interrupt$01547455786$0$signal_in'),
signal('timer$843276565$1',pmus_omds,'timer$843276565$1$pmus_omds'),
signal('timer$843276565$1',global_signal,'timer$843276565$1$global_signal'),
signal('timer$332742388$2',pmus_omds,'timer$332742388$2$pmus_omds'),
signal('timer$332742388$2',global_signal,'timer$332742388$2$global_signal'),
signal('interrupt$02057989963$1',signal_in,'interrupt$02057989963$1$signal_in'),
signal('interrupt$1726443156$2',signal_in,'interrupt$1726443156$2$signal_in'),
connected('digital_io$1882167628$0$pin','digital_io$01310748862$0$pad',1),
connected('digital_io$01310748862$0$pad','digital_io$1882167628$0$pin',1),
connected('digital_io$0155888661$1$pin','digital_io$01821283039$1$pad',1),
connected('digital_io$01821283039$1$pad','digital_io$0155888661$1$pin',1),
connected('digital_io$2101022346$2$pin','digital_io$1963150080$2$pad',1),
connected('digital_io$1963150080$2$pad','digital_io$2101022346$2$pin',1),
connected('clock_xmc1$347764531$0$clkout','clock_xmc1$02010375550$0$frtc',1),
connected('global_ccu4$595667498$0$global_signal','pwm_ccu4$1159034017$0$global_signal',1),
connected('pwm_ccu4$0962983336$0$pin','pwm_ccu4$0758890098$0$pad',1),
connected('pwm_ccu4$1159034017$0$out','pwm_ccu4$0758890098$0$pad',1),
connected('pwm_ccu4$0758890098$0$pad','pwm_ccu4$0962983336$0$pin',1),
connected('digital_io$62966057$3$pin','digital_io$1452615903$3$pad',1),
connected('digital_io$1452615903$3$pad','digital_io$62966057$3$pin',1),
connected('pin_interrupt$877860067$0$pin','pin_interrupt$0959363047$0$pad',1),
connected('pin_interrupt$01945562901$0$tr','pin_interrupt$01531147580$0$trin',1),
connected('pin_interrupt$0959363047$0$pad','pin_interrupt$877860067$0$pin',1),
connected('pin_interrupt$0959363047$0$pad','pin_interrupt$01945562901$0$PIN_INTERRUPT0sv0',1),
connected('pin_interrupt$01531147580$0$iout','pin_interrupt$0287826079$0$signal_in',1),
connected('timer$1353810742$0$pmus_omds','interrupt$01547455786$0$signal_in',1),
connected('global_ccu4$595667498$0$global_signal','timer$1353810742$0$global_signal',1),
connected('timer$843276565$1$pmus_omds','interrupt$02057989963$1$signal_in',1),
connected('global_ccu4$595667498$0$global_signal','timer$843276565$1$global_signal',1),
connected('timer$332742388$2$pmus_omds','interrupt$1726443156$2$signal_in',1),
connected('global_ccu4$595667498$0$global_signal','timer$332742388$2$global_signal',1),
uri_element_range(PIN_INTERRUPT0sv0,[a, b]),
uri_element_range(DIGITAL_IO1sv0,[0, 1, 2, 3, 4]),
register_value('digital_io$01821283039$1',iocr_oe,1),
uri_element_range(DIGITAL_IO0sv0,[0, 1, 2, 3, 4]),
register_value('digital_io$01310748862$0',iocr_oe,1),
uri_element_range(DIGITAL_IO3sv0,[0, 1, 2, 3, 4]),
register_value('digital_io$1452615903$3',iocr_oe,1),
uri_element_range(DIGITAL_IO2sv0,[0, 1, 2, 3, 4]),
register_value('digital_io$1963150080$2',iocr_oe,1)
 ],Vars,Regs,Appslocalvars),15,writeln(timeout),all_solution, Timer, Due, Remainder).



Apr 10, 2018 11:15:48 AM java.util.logging.LogManager$RootLogger log
INFO: 
End of solver : getSolution() :  Difference in ms 47


Apr 10, 2018 11:17:53 AM java.util.logging.LogManager$RootLogger log
INFO: [/scu/0/ccu/config, /clock_xmc1$02010375550$0, /scu/0/dco/2, /clock_xmc1$347764531$0, /p/0/pad/14, /cpu_ctrl_xmc1$355878294$0, /p/0/pad/15, /cpu_ctrl_xmc1$355878295$0, /cpu/0/exception/hardfault, /cpu_ctrl_xmc1$846901778$0, /p/0/pad/8, /digital_io$01310748862$0, /devicepackage/0/17, /digital_io$0155888661$1, /p/0/pad/6, /digital_io$01821283039$1, /p/0/pad/0, /digital_io$1452615903$3, /devicepackage/0/19, /digital_io$1882167628$0, /p/0/pad/5, /digital_io$1963150080$2, /devicepackage/0/16, /digital_io$2101022346$2, /devicepackage/0/15, /digital_io$62966057$3, /scu/0/gcu/ccu4_global_enable/0, /global_ccu4$507149432$0, /ccu4/0/global, /global_ccu4$595667498$0, /cpu/0/nvic/interrupt/23, /interrupt$01547455786$0, /cpu/0/nvic/interrupt/22, /interrupt$02057989963$1, /cpu/0/nvic/interrupt/21, /interrupt$1726443156$2, /eru/0/ogu/0, /pin_interrupt$01531147580$0, /eru/0/ers_etl/0, /pin_interrupt$01945562901$0, /cpu/0/nvic/interrupt/3, /pin_interrupt$0287826079$0, /p/2/pad/0, /pin_interrupt$0959363047$0, /devicepackage/0/1, /pin_interrupt$877860067$0, /p/0/pad/7, /pwm_ccu4$0758890098$0, /devicepackage/0/18, /pwm_ccu4$0962983336$0, /ccu4/0/cc4/1, /pwm_ccu4$1159034017$0, /ccu4/0/cc4/3, /timer$1353810742$0, /ccu4/0/cc4/2, /timer$332742388$2, /ccu4/0/cc4/0, /timer$843276565$1]


Apr 10, 2018 11:17:53 AM java.util.logging.LogManager$RootLogger log
INFO: [/p/1/pad/0/iocr_pcr, /0, /p/1/pad/0/iocr_oe, /0, /p/1/pad/0/hwsel_hw, /0, /p/1/pad/1/iocr_pcr, /0, /p/1/pad/1/iocr_oe, /0, /p/1/pad/1/hwsel_hw, /0, /p/1/pad/2/iocr_pcr, /0, /p/1/pad/2/iocr_oe, /0, /p/1/pad/2/hwsel_hw, /0, /p/1/pad/3/iocr_pcr, /0, /p/1/pad/3/iocr_oe, /0, /p/1/pad/3/hwsel_hw, /0, /p/2/pad/2/iocr_pcr, /0, /p/2/pad/2/iocr_oe, /0, /p/2/pad/2/hwsel_hw, /0, /p/2/pad/2/pdisc_pdis, /1, /p/2/pad/6/iocr_pcr, /0, /p/2/pad/6/iocr_oe, /0, /p/2/pad/6/hwsel_hw, /0, /p/2/pad/6/pdisc_pdis, /1, /p/2/pad/7/iocr_pcr, /0, /p/2/pad/7/iocr_oe, /0, /p/2/pad/7/hwsel_hw, /0, /p/2/pad/7/pdisc_pdis, /1, /p/2/pad/8/iocr_pcr, /0, /p/2/pad/8/iocr_oe, /0, /p/2/pad/8/hwsel_hw, /0, /p/2/pad/8/pdisc_pdis, /1, /p/2/pad/9/iocr_pcr, /0, /p/2/pad/9/iocr_oe, /0, /p/2/pad/9/hwsel_hw, /0, /p/2/pad/9/pdisc_pdis, /1, /p/0/pad/0/iocr_pcr, /0, /p/0/pad/0/iocr_oe, /1, /p/0/pad/0/hwsel_hw, /0, /p/0/pad/12/iocr_pcr, /0, /p/0/pad/12/iocr_oe, /0, /p/0/pad/12/hwsel_hw, /0, /p/0/pad/13/iocr_pcr, /0, /p/0/pad/13/iocr_oe, /0, /p/0/pad/13/hwsel_hw, /0, /p/0/pad/14/iocr_pcr, /0, /p/0/pad/14/iocr_oe, /0, /p/0/pad/14/hwsel_hw, /0, /p/0/pad/15/iocr_pcr, /0, /p/0/pad/15/iocr_oe, /0, /p/0/pad/15/hwsel_hw, /0, /p/0/pad/5/iocr_pcr, /0, /p/0/pad/5/iocr_oe, /1, /p/0/pad/5/hwsel_hw, /0, /p/0/pad/6/iocr_pcr, /0, /p/0/pad/6/iocr_oe, /1, /p/0/pad/6/hwsel_hw, /0, /p/0/pad/7/iocr_pcr, /4, /p/0/pad/7/iocr_oe, /1, /p/0/pad/7/hwsel_hw, /0, /p/0/pad/8/iocr_pcr, /0, /p/0/pad/8/iocr_oe, /1, /p/0/pad/8/hwsel_hw, /0, /p/0/pad/9/iocr_pcr, /0, /p/0/pad/9/iocr_oe, /0, /p/0/pad/9/hwsel_hw, /0, /p/2/pad/0/iocr_pcr, /0, /p/2/pad/0/iocr_oe, /0, /p/2/pad/0/hwsel_hw, /0, /p/2/pad/0/pdisc_pdis, /0, /p/2/pad/1/iocr_pcr, /0, /p/2/pad/1/iocr_oe, /0, /p/2/pad/1/hwsel_hw, /0, /p/2/pad/1/pdisc_pdis, /1, /p/2/pad/10/iocr_pcr, /0, /p/2/pad/10/iocr_oe, /0, /p/2/pad/10/hwsel_hw, /0, /p/2/pad/10/pdisc_pdis, /1, /p/2/pad/11/iocr_pcr, /0, /p/2/pad/11/iocr_oe, /0, /p/2/pad/11/hwsel_hw, /0, /p/2/pad/11/pdisc_pdis, /1, /ccu4/0/cc4/0/srs_cmsr, /0, /ccu4/0/cc4/0/srs_e0sr, /0, /ccu4/0/cc4/0/srs_e1sr, /0, /ccu4/0/cc4/0/srs_e2sr, /0, /ccu4/0/cc4/0/ins_ev0is, /0, /ccu4/0/cc4/0/ins_ev1is, /0, /ccu4/0/cc4/0/ins_ev2is, /0, /ccu4/0/cc4/0/srs_posr, /1, /ccu4/0/cc4/1/srs_cmsr, /0, /ccu4/0/cc4/1/srs_e0sr, /0, /ccu4/0/cc4/1/srs_e1sr, /0, /ccu4/0/cc4/1/srs_e2sr, /0, /ccu4/0/cc4/1/ins_ev0is, /0, /ccu4/0/cc4/1/ins_ev1is, /0, /ccu4/0/cc4/1/ins_ev2is, /0, /ccu4/0/cc4/1/srs_posr, /0, /ccu4/0/cc4/1/cmc_tce, /0, /ccu4/0/cc4/2/srs_cmsr, /0, /ccu4/0/cc4/2/srs_e0sr, /0, /ccu4/0/cc4/2/srs_e1sr, /0, /ccu4/0/cc4/2/srs_e2sr, /0, /ccu4/0/cc4/2/ins_ev0is, /0, /ccu4/0/cc4/2/ins_ev1is, /0, /ccu4/0/cc4/2/ins_ev2is, /0, /ccu4/0/cc4/2/srs_posr, /0, /ccu4/0/cc4/2/cmc_tce, /0, /ccu4/0/cc4/3/srs_cmsr, /0, /ccu4/0/cc4/3/srs_e0sr, /0, /ccu4/0/cc4/3/srs_e1sr, /0, /ccu4/0/cc4/3/srs_e2sr, /0, /ccu4/0/cc4/3/ins_ev0is, /0, /ccu4/0/cc4/3/ins_ev1is, /0, /ccu4/0/cc4/3/ins_ev2is, /0, /ccu4/0/cc4/3/srs_posr, /2, /ccu4/0/cc4/3/cmc_tce, /0, /ccu4/0/global/gctrl_pcis, /0, /cpu/0/nvic/interrupt/0/iser_setena, /0, /cpu/0/nvic/interrupt/1/iser_setena, /0, /cpu/0/nvic/interrupt/10/iser_setena, /0, /cpu/0/nvic/interrupt/11/iser_setena, /0, /cpu/0/nvic/interrupt/12/iser_setena, /0, /cpu/0/nvic/interrupt/13/iser_setena, /0, /cpu/0/nvic/interrupt/14/iser_setena, /0, /cpu/0/nvic/interrupt/15/iser_setena, /0, /cpu/0/nvic/interrupt/16/iser_setena, /0, /cpu/0/nvic/interrupt/17/iser_setena, /0, /cpu/0/nvic/interrupt/18/iser_setena, /0, /cpu/0/nvic/interrupt/19/iser_setena, /0, /cpu/0/nvic/interrupt/2/iser_setena, /0, /cpu/0/nvic/interrupt/20/iser_setena, /0, /cpu/0/nvic/interrupt/21/iser_setena, /1, /cpu/0/nvic/interrupt/22/iser_setena, /1, /cpu/0/nvic/interrupt/23/iser_setena, /1, /cpu/0/nvic/interrupt/24/iser_setena, /0, /cpu/0/nvic/interrupt/25/iser_setena, /0, /cpu/0/nvic/interrupt/26/iser_setena, /0, /cpu/0/nvic/interrupt/27/iser_setena, /0, /cpu/0/nvic/interrupt/28/iser_setena, /0, /cpu/0/nvic/interrupt/29/iser_setena, /0, /cpu/0/nvic/interrupt/3/iser_setena, /1, /cpu/0/nvic/interrupt/30/iser_setena, /0, /cpu/0/nvic/interrupt/31/iser_setena, /0, /cpu/0/nvic/interrupt/4/iser_setena, /0, /cpu/0/nvic/interrupt/5/iser_setena, /0, /cpu/0/nvic/interrupt/6/iser_setena, /0, /cpu/0/nvic/interrupt/7/iser_setena, /0, /cpu/0/nvic/interrupt/9/iser_setena, /0, /eru/0/ers_etl/0/exicon_pe, /1, /eru/0/ers_etl/0/exicon_ocs, /0, /eru/0/ers_etl/0/exisel_exsxb, /0, /eru/0/ers_etl/0/exisel_exsxa, /0, /eru/0/ers_etl/1/exicon_pe, /0, /eru/0/ers_etl/1/exicon_ocs, /0, /eru/0/ers_etl/1/exisel_exsxb, /0, /eru/0/ers_etl/1/exisel_exsxa, /0, /eru/0/ers_etl/2/exicon_pe, /0, /eru/0/ers_etl/2/exicon_ocs, /0, /eru/0/ers_etl/2/exisel_exsxb, /0, /eru/0/ers_etl/2/exisel_exsxa, /0, /eru/0/ers_etl/3/exicon_pe, /0, /eru/0/ers_etl/3/exicon_ocs, /0, /eru/0/ers_etl/3/exisel_exsxb, /0, /eru/0/ers_etl/3/exisel_exsxa, /0, /eru/0/ogu/0/exocon_iss, /0, /eru/0/ogu/0/exocon_ipen0, /0, /eru/0/ogu/0/exocon_ipen1, /0, /eru/0/ogu/0/exocon_ipen2, /0, /eru/0/ogu/0/exocon_ipen3, /0, /eru/0/ogu/1/exocon_iss, /0, /eru/0/ogu/1/exocon_ipen0, /0, /eru/0/ogu/1/exocon_ipen1, /0, /eru/0/ogu/1/exocon_ipen2, /0, /eru/0/ogu/1/exocon_ipen3, /0, /eru/0/ogu/2/exocon_iss, /0, /eru/0/ogu/2/exocon_ipen0, /0, /eru/0/ogu/2/exocon_ipen1, /0, /eru/0/ogu/2/exocon_ipen2, /0, /eru/0/ogu/2/exocon_ipen3, /0, /eru/0/ogu/3/exocon_iss, /0, /eru/0/ogu/3/exocon_ipen0, /0, /eru/0/ogu/3/exocon_ipen1, /0, /eru/0/ogu/3/exocon_ipen2, /0, /eru/0/ogu/3/exocon_ipen3, /0, /scu/0/ccu/config/clkcr_rtcclksel, /0, /usic/0/channel/0/ccr_hpcen, /0, /usic/0/channel/0/dx1cr_dsel, /0, /usic/0/channel/0/dx0cr_dsel, /0, /usic/0/channel/0/dx5cr_dsel, /0, /usic/0/channel/0/dx3cr_dsel, /0, /usic/0/channel/0/dx4cr_dsel, /0, /usic/0/channel/0/dx2cr_dsel, /0, /usic/0/channel/0/rbctr_arbien, /0, /usic/0/channel/0/rbctr_arbinp, /0, /usic/0/channel/0/ccr_aien, /0, /usic/0/channel/0/inpr_ainp, /0, /usic/0/channel/0/ccr_brgien, /0, /usic/0/channel/0/inpr_pinp, /0, /usic/0/channel/0/ccr_dlien, /0, /usic/0/channel/0/rbctr_rberien, /0, /usic/0/channel/0/ccr_rsien, /0, /usic/0/channel/0/inpr_tbinp, /0, /usic/0/channel/0/rbctr_srbien, /0, /usic/0/channel/0/rbctr_srbinp, /0, /usic/0/channel/0/ccr_rien, /0, /usic/0/channel/0/inpr_rinp, /0, /usic/0/channel/0/tbctr_stbien, /0, /usic/0/channel/0/tbctr_stbinp, /0, /usic/0/channel/0/tbctr_tberien, /0, /usic/0/channel/0/tbctr_atbinp, /0, /usic/0/channel/0/ccr_tbien, /0, /usic/0/channel/0/ccr_tsien, /0, /usic/0/channel/0/inpr_tsinp, /0, /usic/0/channel/0/rbctr_dptr, /0, /usic/0/channel/0/rbctr_size, /0, /usic/0/channel/0/tbctr_dptr, /0, /usic/0/channel/0/tbctr_size, /0, /usic/0/channel/1/ccr_hpcen, /0, /usic/0/channel/1/dx1cr_dsel, /0, /usic/0/channel/1/dx0cr_dsel, /0, /usic/0/channel/1/dx5cr_dsel, /0, /usic/0/channel/1/dx3cr_dsel, /0, /usic/0/channel/1/dx4cr_dsel, /0, /usic/0/channel/1/dx2cr_dsel, /0, /usic/0/channel/1/rbctr_arbien, /0, /usic/0/channel/1/rbctr_arbinp, /0, /usic/0/channel/1/ccr_aien, /0, /usic/0/channel/1/inpr_ainp, /0, /usic/0/channel/1/ccr_brgien, /0, /usic/0/channel/1/inpr_pinp, /0, /usic/0/channel/1/ccr_dlien, /0, /usic/0/channel/1/rbctr_rberien, /0, /usic/0/channel/1/ccr_rsien, /0, /usic/0/channel/1/inpr_tbinp, /0, /usic/0/channel/1/rbctr_srbien, /0, /usic/0/channel/1/rbctr_srbinp, /0, /usic/0/channel/1/ccr_rien, /0, /usic/0/channel/1/inpr_rinp, /0, /usic/0/channel/1/tbctr_stbien, /0, /usic/0/channel/1/tbctr_stbinp, /0, /usic/0/channel/1/tbctr_tberien, /0, /usic/0/channel/1/tbctr_atbinp, /0, /usic/0/channel/1/ccr_tbien, /0, /usic/0/channel/1/ccr_tsien, /0, /usic/0/channel/1/inpr_tsinp, /0, /usic/0/channel/1/rbctr_dptr, /0, /usic/0/channel/1/rbctr_size, /0, /usic/0/channel/1/tbctr_dptr, /0, /usic/0/channel/1/tbctr_size, /0, /vadc/0/backgnd/brsctrl_xtsel, /0, /vadc/0/backgnd/brsctrl_xtwc, /0, /vadc/0/backgnd/brsctrl_gtsel, /0, /vadc/0/backgnd/brsctrl_gtwc, /0, /vadc/0/backgnd/globevnp_sev0np, /0, /vadc/0/global/emuxsel_emuxgrp0, /0, /vadc/0/global/emuxsel_emuxgrp1, /0, /vadc/0/global_result/globevnp_revnp, /0]


